TN:
SF:..\common\src\utils\url.util.ts
FN:1,normalize
FNF:1
FNH:1
FNDA:4,normalize
DA:1,4
DA:2,4
DA:3,4
DA:4,4
DA:5,4
DA:6,4
DA:7,4
DA:8,4
DA:9,4
DA:10,4
DA:11,4
DA:12,4
DA:13,4
DA:14,1
DA:15,1
DA:16,4
LF:16
LH:16
BRDA:1,0,0,4
BRDA:10,1,0,1
BRDA:10,2,0,1
BRDA:10,3,0,2
BRDA:13,4,0,1
BRF:5
BRH:5
end_TN:
SF:..\TN:
SF:src\services\etl.service.ts
FN:10,etlProcessAndInsert
FN:21,clean
FNF:2
FNH:1
FNDA:0,etlProcessAndInsert
FNDA:1,clean
DA:1,1
DA:2,1
DA:3,1
DA:4,1
DA:5,1
DA:6,1
DA:7,1
DA:8,1
DA:9,1
DA:10,1
DA:11,0
DA:12,0
DA:13,0
DA:14,0
DA:15,0
DA:16,0
DA:17,0
DA:18,0
DA:19,0
DA:20,1
DA:21,1
DA:22,1
DA:23,1
DA:24,1
DA:25,1
DA:26,1
DA:27,1
DA:28,1
DA:29,1
DA:30,1
DA:31,1
LF:31
LH:22
BRDA:21,0,0,1
BRDA:23,1,0,2
BRDA:24,2,0,1
BRDA:26,3,0,0
BRDA:28,4,0,0
BRF:5
BRH:3
end_of_recoTN:TN:
SF:src\services\normalization.service.ts
FN:13,normalizeRawProductData
FNF:1
FNH:1
FNDA:2,normalizeRawProductData
DA:1,1
DA:2,1
DA:3,1
DA:4,1
DA:5,1
DA:6,1
DA:7,1
DA:8,1
DA:9,1
DA:10,1
DA:11,1
DA:12,1
DA:13,2
DA:14,2
DA:15,2
DA:16,2
DA:17,2
DA:18,2
DA:19,2
DA:20,2
DA:21,2
DA:22,2
DA:23,0
DA:24,0
DA:25,2
DA:26,0
DA:27,0
DA:28,2
DA:29,2
DA:30,2
DA:31,2
DA:32,2
DA:33,2
DA:34,2
DA:35,2
DA:36,2
DA:37,2
DA:38,2
DA:39,2
DA:40,2
DA:41,2
DA:42,2
DA:43,2
DA:44,2
DA:45,2
DA:46,2
DA:47,2
DA:48,2
DA:49,1
DA:50,1
DA:51,1
DA:52,1
LF:52
LH:48
BRDA:13,0,0,2
BRDA:17,1,0,0
BRDA:18,2,0,0
BRDA:18,3,0,0
BRDA:19,4,0,0
BRDA:22,5,0,0
BRDA:25,6,0,0
BRDA:29,7,0,1
BRDA:35,8,0,0
BRDA:36,9,0,0
BRDA:37,10,0,1
BRDA:37,11,0,1
BRDA:38,12,0,0
BRDA:39,13,0,0
BRDA:40,14,0,1
BRDA:40,15,0,1
BRDA:40,16,0,0
BRDA:40,17,0,1
BRDA:40,18,0,0
BRDA:40,19,0,1
BRDA:41,20,0,0
BRDA:42,21,0,0
BRDA:43,22,0,0
BRDA:44,23,0,0
BRF:24
BRH:8
end_of_record
TN:
SF:..\scraper\src\configs\sunbelt.config.ts
FNF:0
FNH:0
DA:1,1
DA:2,1
DA:3,1
DA:4,1
DA:5,1
DA:6,1
DA:7,1
DA:8,1
DA:9,1
DA:10,1
DA:11,1
DA:12,1
DA:13,1
DA:14,1
DA:15,1
DA:16,1
DA:17,1
DA:18,1
DA:19,1
DA:20,1
DA:21,1
DA:22,1
DA:23,1
DA:24,1
DA:25,1
DA:26,1
DA:27,1
DA:28,1
DA:29,1
DA:30,1
DA:31,1
DA:32,1
DA:33,1
DA:34,1
DA:35,1
DA:36,1
DA:37,1
DA:38,1
DA:39,1
DA:40,1
DA:41,1
DA:42,1
DA:43,1
DA:44,1
DA:45,1
DA:46,1
LF:46
LH:46
BRF:0
BRH:0
end_of_record
TN:
SF:..\scraper\src\utils\page.utils.ts
FN:6,safeClick
FN:22,autoScroll
FNF:2
FNH:2
FNDA:2,safeClick
FNDA:1,autoScroll
DA:1,1
DA:2,1
DA:3,1
DA:4,1
DA:5,1
DA:6,1
DA:7,2
DA:8,2
DA:9,1
DA:10,1
DA:11,1
DA:12,1
DA:13,2
DA:14,1
DA:15,1
DA:16,1
DA:17,1
DA:18,1
DA:19,1
DA:20,1
DA:21,1
DA:22,1
DA:23,1
DA:24,1
DA:25,1
DA:26,0
DA:27,0
DA:28,0
DA:29,0
DA:30,0
DA:31,0
DA:32,0
DA:33,0
DA:34,0
DA:35,0
DA:36,0
DA:37,0
DA:38,1
DA:39,1
DA:40,1
DA:41,1
LF:41
LH:29
BRDA:6,0,0,2
BRDA:9,1,0,1
BRDA:13,2,0,1
BRDA:22,3,0,1
BRF:4
BRH:4
end_of_record
TN:
SF:..\shared-types\src\index.ts
FNF:0
FNH:0
DA:1,1
DA:2,1
LF:2
LH:2
BRF:0
BRH:0
end_of_record
TN:
SF:..\shared-types\src\models.ts
FNF:0
FNH:0
DA:1,1
DA:2,1
DA:3,1
DA:4,1
DA:5,1
DA:6,1
DA:7,1
DA:8,1
DA:9,1
DA:10,1
DA:11,1
DA:12,1
DA:13,1
DA:14,1
DA:15,1
DA:16,1
DA:17,1
DA:18,1
DA:19,1
DA:20,1
DA:21,1
DA:22,1
DA:23,1
DA:24,1
DA:25,1
DA:26,1
DA:27,1
DA:28,1
DA:29,1
DA:30,1
DA:31,1
DA:32,1
DA:33,1
DA:34,1
DA:35,1
DA:36,1
DA:37,1
DA:38,1
DA:39,1
DA:40,1
DA:41,1
DA:42,1
DA:43,1
DA:44,1
DA:45,1
DA:46,1
DA:47,1
DA:48,1
DA:49,1
DA:50,1
DA:51,1
DA:52,1
DA:53,1
DA:54,1
DA:55,1
DA:56,1
DA:57,1
DA:58,1
DA:59,1
DA:60,1
DA:61,1
DA:62,1
DA:63,1
DA:64,1
DA:65,1
DA:66,1
DA:67,1
DA:68,1
DA:69,1
DA:70,1
DA:71,1
DA:72,1
DA:73,1
DA:74,1
DA:75,1
DA:76,1
DA:77,1
DA:78,1
DA:79,1
DA:80,1
DA:81,1
DA:82,1
DA:83,1
DA:84,1
DA:85,1
DA:86,1
DA:87,1
DA:88,1
DA:89,1
DA:90,1
DA:91,1
DA:92,1
DA:93,1
DA:94,1
DA:95,1
DA:96,1
DA:97,1
DA:98,1
DA:99,1
DA:100,1
DA:101,1
DA:102,1
DA:103,1
DA:104,1
DA:105,1
DA:106,1
DA:107,1
DA:108,1
DA:109,1
DA:110,1
LF:110
LH:110
BRF:0
BRH:0
end_of_record
TN:
SF:..\shared-types\src\vendor-config-scraper.ts
FNF:0
FNH:0
DA:1,1
DA:2,1
DA:3,1
DA:4,1
DA:5,1
DA:6,1
DA:7,1
DA:8,1
DA:9,1
DA:10,1
DA:11,1
LF:11
LH:11
BRF:0
BRH:0
end_of_record
ord
